(---------------------------------------------------------------------)
(                                                                     )
(    ARTWORK LOG                                                      )
(                                                                     )
(    Drawing          : PROIECT FINAL TIE.brd                         )
(    Software Version : 17.2S025                                      )
(    Date/Time        : Sat Aug 26 03:52:08 2023                      )
(                                                                     )
(---------------------------------------------------------------------)


 ---- Photoplot outline rectangle not found; using drawing extents.



Results from parameter file ...
    DEVICE-TYPE           GERBER_RS274X
    OUTPUT-UNITS          INCHES
    FILM-SIZE             2400000 1600000
    FORMAT                2.5
    ABORT-ON-ERROR        NO
    SCALE                 1
    SUPPRESS-LEAD-ZEROES  YES
    SUPPRESS-TRAIL-ZEROES NO
    SUPPRESS-EQUAL        YES
    UNDEF-APT-CONT        NO



================================================================
     PROCESSING FILM < SILKSCREEN_TOP >
     TO FILE < C:/Users/Vlady/Desktop/NU AI CUM SA LE INCURCI/Proiect_Final_TIE_Frunza_Vladimir_Ronce_Teodor_423B_2022_2023/Continut Stick/Proiect PCB/allegro/SILKSCREEN_TOP.art > ...
================================================================

  FILM PARAMETERS :
  ---------------------------------------------------------
  Undefined line width                8.00
  Mirror code                         NONE
  Rotate angle                        NONE
  Offset x:                           0.00
  Offset y:                           0.00
  Plot negative                       NO
  Suppress unconnected internal pads  NO
  Draw holes only                     NO

    WARNING: text composed 0 width line found at (98.95 394.07)
           ... using undefined line width of 8.00

    WARNING: text having Multiple 0 width lines; all will be treated the same as the first.
           ... using undefined line width of 8.00

    WARNING: 0 width line found at (1050.00 400.00)
           ... using undefined line width of 8.00

    WARNING: Multiple 0 width lines; all will be treated the same as the first.
           ... using undefined line width of 8.00



  APERTURES USED:
  ---------------------------------------------------------
  TYPE       SIZE/NAME                   ROT   MIRROR MODE 
  ---------------------------------------------------------
  CIRCLE     0.00500                                  DARK 
  CIRCLE     0.00600                                  DARK 
  CIRCLE     0.00787                                  DARK 
  CIRCLE     0.00800                                  DARK 

     SILKSCREEN_TOP created with warnings


------------------------------------------------------
 SUMMARY:
        SILKSCREEN_TOP created with warnings

 ARTWORK had warnings
